0 info it worked if it ends with ok
1 verbose cli [ '/Users/takata/.nodebrew/node/v4.1.1/bin/node',
1 verbose cli   '/Users/takata/.nodebrew/current/bin/npm',
1 verbose cli   'publish' ]
2 info using npm@2.14.4
3 info using node@v4.1.1
4 verbose publish [ '.' ]
5 silly cache add args [ '.', null ]
6 verbose cache add spec .
7 silly cache add parsed spec Result {
7 silly cache add   raw: '.',
7 silly cache add   scope: null,
7 silly cache add   name: null,
7 silly cache add   rawSpec: '.',
7 silly cache add   spec: '/Users/takata/GitHub/npm/lsReact',
7 silly cache add   type: 'directory' }
8 verbose addLocalDirectory /Users/takata/.npm/lsReact/0.0.2/package.tgz not in flight; packing
9 verbose tar pack [ '/Users/takata/.npm/lsReact/0.0.2/package.tgz',
9 verbose tar pack   '/Users/takata/GitHub/npm/lsReact' ]
10 verbose tarball /Users/takata/.npm/lsReact/0.0.2/package.tgz
11 verbose folder /Users/takata/GitHub/npm/lsReact
12 info prepublish lsReact@0.0.2
13 verbose addLocalTarball adding from inside cache /Users/takata/.npm/lsReact/0.0.2/package.tgz
14 silly cache afterAdd lsReact@0.0.2
15 verbose afterAdd /Users/takata/.npm/lsReact/0.0.2/package/package.json not in flight; writing
16 verbose afterAdd /Users/takata/.npm/lsReact/0.0.2/package/package.json written
17 silly publish { name: 'lsReact',
17 silly publish   version: '0.0.2',
17 silly publish   description: 'react plugin',
17 silly publish   author: { name: 'sakana' },
17 silly publish   main: 'index.js',
17 silly publish   homepage: 'https://github.com/sakanabiscuit',
17 silly publish   license: 'MIT',
17 silly publish   readme: 'README.md',
17 silly publish   repository:
17 silly publish    { type: 'git',
17 silly publish      url: 'git://github.com/sakanabiscuit/lsReact.git' },
17 silly publish   bugs: { url: 'https://github.com/sakanabiscuit/lsReact/issues' },
17 silly publish   dependencies: { react: '^0.14.2' },
17 silly publish   devDependencies:
17 silly publish    { 'react-dom': '^0.14.2',
17 silly publish      broccoli: '^0.16.8',
17 silly publish      'broccoli-merge-trees': '^0.2.3',
17 silly publish      'broccoli-jade': '^1.1.0',
17 silly publish      'broccoli-autoprefixer': '^4.0.0',
17 silly publish      'broccoli-stylus': '^3.0.0',
17 silly publish      'broccoli-webpack-cached': '^0.1.3',
17 silly publish      'livescript-loader': '^0.1.3' },
17 silly publish   gitHead: '40d1f6aeac60d27fe2f2d1c55a2405842ca87c6f',
17 silly publish   _id: 'lsReact@0.0.2',
17 silly publish   scripts: {},
17 silly publish   _shasum: 'e7326910754a4461f0e40d9f9c3b4d23bf46706d',
17 silly publish   _from: '.' }
18 verbose getPublishConfig undefined
19 silly mapToRegistry name lsReact
20 silly mapToRegistry using default registry
21 silly mapToRegistry registry https://registry.npmjs.org/
22 silly mapToRegistry uri https://registry.npmjs.org/lsReact
23 verbose publish registryBase https://registry.npmjs.org/
24 silly publish uploading /Users/takata/.npm/lsReact/0.0.2/package.tgz
25 verbose request uri https://registry.npmjs.org/lsReact
26 verbose request sending authorization for write operation
27 info attempt registry request try #1 at 01:50:37
28 verbose request using bearer token for auth
29 verbose request id 806cc02905a0505c
30 http request PUT https://registry.npmjs.org/lsReact
31 http 400 https://registry.npmjs.org/lsReact
32 verbose headers { 'content-type': 'application/json',
32 verbose headers   'cache-control': 'max-age=60',
32 verbose headers   'content-length': '54',
32 verbose headers   'accept-ranges': 'bytes',
32 verbose headers   date: 'Wed, 18 Nov 2015 16:50:38 GMT',
32 verbose headers   via: '1.1 varnish',
32 verbose headers   connection: 'keep-alive',
32 verbose headers   'x-served-by': 'cache-nrt6127-NRT',
32 verbose headers   'x-cache': 'MISS',
32 verbose headers   'x-cache-hits': '0',
32 verbose headers   'x-timer': 'S1447865437.950964,VS0,VE539' }
33 verbose request invalidating /Users/takata/.npm/registry.npmjs.org/lsReact on PUT
34 error publish Failed PUT 400
35 verbose stack Error: name can no longer contain capital letters : lsReact
35 verbose stack     at makeError (/Users/takata/.nodebrew/node/v4.1.1/lib/node_modules/npm/node_modules/npm-registry-client/lib/request.js:263:12)
35 verbose stack     at CachingRegistryClient.<anonymous> (/Users/takata/.nodebrew/node/v4.1.1/lib/node_modules/npm/node_modules/npm-registry-client/lib/request.js:251:14)
35 verbose stack     at Request._callback (/Users/takata/.nodebrew/node/v4.1.1/lib/node_modules/npm/node_modules/npm-registry-client/lib/request.js:171:14)
35 verbose stack     at Request.self.callback (/Users/takata/.nodebrew/node/v4.1.1/lib/node_modules/npm/node_modules/request/request.js:198:22)
35 verbose stack     at emitTwo (events.js:87:13)
35 verbose stack     at Request.emit (events.js:172:7)
35 verbose stack     at Request.<anonymous> (/Users/takata/.nodebrew/node/v4.1.1/lib/node_modules/npm/node_modules/request/request.js:1073:14)
35 verbose stack     at emitOne (events.js:82:20)
35 verbose stack     at Request.emit (events.js:169:7)
35 verbose stack     at IncomingMessage.<anonymous> (/Users/takata/.nodebrew/node/v4.1.1/lib/node_modules/npm/node_modules/request/request.js:1019:12)
36 verbose statusCode 400
37 verbose pkgid lsReact
38 verbose cwd /Users/takata/GitHub/npm/lsReact
39 error Darwin 15.0.0
40 error argv "/Users/takata/.nodebrew/node/v4.1.1/bin/node" "/Users/takata/.nodebrew/current/bin/npm" "publish"
41 error node v4.1.1
42 error npm  v2.14.4
43 error code E400
44 error name can no longer contain capital letters : lsReact
45 error If you need help, you may report this error at:
45 error     <https://github.com/npm/npm/issues>
46 verbose exit [ 1, true ]
